<?xml version="1.0" encoding="UTF-8"?>
<!-- Generated by org.testng.reporters.JUnitReportReporter -->
<testsuite skipped="0" hostname="DESKTOP-P04OIEK" name="testScript.ExcelTest" tests="1" failures="0" timestamp="07 Oct 2021 05:27:42 GMT" time="0.877" errors="0">
  <testcase name="testOne" time="0.877" classname="testScript.ExcelTest"/>
</testsuite> <!-- testScript.ExcelTest -->
