<?xml version="1.0" encoding="UTF-8"?>
<!-- Generated by org.testng.reporters.JUnitReportReporter -->
<testsuite hostname="DESKTOP-P04OIEK" name="testScript.IFrameTest" tests="1" failures="0" timestamp="2 Oct 2021 06:58:08 GMT" time="9.050" errors="0">
  <testcase name="IFrameTest" time="9.050" classname="testScript.IFrameTest"/>
</testsuite> <!-- testScript.IFrameTest -->
