<?xml version="1.0" encoding="UTF-8"?>
<!-- Generated by org.testng.reporters.JUnitReportReporter -->
<testsuite skipped="0" hostname="DESKTOP-P04OIEK" name="BaseClass.TestBase" tests="1" failures="0" timestamp="22 Oct 2021 19:22:19 GMT" time="0.006" errors="0">
  <testcase name="test" time="0.006" classname="BaseClass.TestBase"/>
</testsuite> <!-- BaseClass.TestBase -->
